[2024-03-19 08:45:14] local.ERROR: SQLSTATE[HY000] [1045] Access denied for user 'root'@'localhost' (using password: NO) (Connection: mysql, SQL: select table_name as `name`, (data_length + index_length) as `size`, table_comment as `comment`, engine as `engine`, table_collation as `collation` from information_schema.tables where table_schema = 'laravel' and table_type in ('BASE TABLE', 'SYSTEM VERSIONED') order by table_name) {"exception":"[object] (Illuminate\\Database\\QueryException(code: 1045): SQLSTATE[HY000] [1045] Access denied for user 'root'@'localhost' (using password: NO) (Connection: mysql, SQL: select table_name as `name`, (data_length + index_length) as `size`, table_comment as `comment`, engine as `engine`, table_collation as `collation` from information_schema.tables where table_schema = 'laravel' and table_type in ('BASE TABLE', 'SYSTEM VERSIONED') order by table_name) at C:\\Users\\Randrianaivo\\Repo\\INTERN_QUEST\\internquest\\vendor\\laravel\\framework\\src\\Illuminate\\Database\\Connection.php:813)
[stacktrace]
#0 C:\\Users\\Randrianaivo\\Repo\\INTERN_QUEST\\internquest\\vendor\\laravel\\framework\\src\\Illuminate\\Database\\Connection.php(767): Illuminate\\Database\\Connection->runQueryCallback()
#1 C:\\Users\\Randrianaivo\\Repo\\INTERN_QUEST\\internquest\\vendor\\laravel\\framework\\src\\Illuminate\\Database\\Connection.php(398): Illuminate\\Database\\Connection->run()
#2 C:\\Users\\Randrianaivo\\Repo\\INTERN_QUEST\\internquest\\vendor\\laravel\\framework\\src\\Illuminate\\Database\\Connection.php(385): Illuminate\\Database\\Connection->select()
#3 C:\\Users\\Randrianaivo\\Repo\\INTERN_QUEST\\internquest\\vendor\\laravel\\framework\\src\\Illuminate\\Database\\Schema\\MySqlBuilder.php(41): Illuminate\\Database\\Connection->selectFromWriteConnection()
#4 C:\\Users\\Randrianaivo\\Repo\\INTERN_QUEST\\internquest\\vendor\\laravel\\framework\\src\\Illuminate\\Database\\Schema\\Builder.php(147): Illuminate\\Database\\Schema\\MySqlBuilder->getTables()
#5 C:\\Users\\Randrianaivo\\Repo\\INTERN_QUEST\\internquest\\vendor\\laravel\\framework\\src\\Illuminate\\Database\\Migrations\\DatabaseMigrationRepository.php(184): Illuminate\\Database\\Schema\\Builder->hasTable()
#6 C:\\Users\\Randrianaivo\\Repo\\INTERN_QUEST\\internquest\\vendor\\laravel\\framework\\src\\Illuminate\\Database\\Migrations\\Migrator.php(689): Illuminate\\Database\\Migrations\\DatabaseMigrationRepository->repositoryExists()
#7 C:\\Users\\Randrianaivo\\Repo\\INTERN_QUEST\\internquest\\vendor\\laravel\\framework\\src\\Illuminate\\Database\\Console\\Migrations\\MigrateCommand.php(161): Illuminate\\Database\\Migrations\\Migrator->repositoryExists()
#8 C:\\Users\\Randrianaivo\\Repo\\INTERN_QUEST\\internquest\\vendor\\laravel\\framework\\src\\Illuminate\\Support\\helpers.php(286): Illuminate\\Database\\Console\\Migrations\\MigrateCommand->Illuminate\\Database\\Console\\Migrations\\{closure}()
#9 C:\\Users\\Randrianaivo\\Repo\\INTERN_QUEST\\internquest\\vendor\\laravel\\framework\\src\\Illuminate\\Database\\Console\\Migrations\\MigrateCommand.php(161): retry()
#10 C:\\Users\\Randrianaivo\\Repo\\INTERN_QUEST\\internquest\\vendor\\laravel\\framework\\src\\Illuminate\\Database\\Console\\Migrations\\MigrateCommand.php(137): Illuminate\\Database\\Console\\Migrations\\MigrateCommand->repositoryExists()
#11 C:\\Users\\Randrianaivo\\Repo\\INTERN_QUEST\\internquest\\vendor\\laravel\\framework\\src\\Illuminate\\Database\\Console\\Migrations\\MigrateCommand.php(107): Illuminate\\Database\\Console\\Migrations\\MigrateCommand->prepareDatabase()
#12 C:\\Users\\Randrianaivo\\Repo\\INTERN_QUEST\\internquest\\vendor\\laravel\\framework\\src\\Illuminate\\Database\\Migrations\\Migrator.php(622): Illuminate\\Database\\Console\\Migrations\\MigrateCommand->Illuminate\\Database\\Console\\Migrations\\{closure}()
#13 C:\\Users\\Randrianaivo\\Repo\\INTERN_QUEST\\internquest\\vendor\\laravel\\framework\\src\\Illuminate\\Database\\Console\\Migrations\\MigrateCommand.php(106): Illuminate\\Database\\Migrations\\Migrator->usingConnection()
#14 C:\\Users\\Randrianaivo\\Repo\\INTERN_QUEST\\internquest\\vendor\\laravel\\framework\\src\\Illuminate\\Database\\Console\\Migrations\\MigrateCommand.php(85): Illuminate\\Database\\Console\\Migrations\\MigrateCommand->runMigrations()
#15 C:\\Users\\Randrianaivo\\Repo\\INTERN_QUEST\\internquest\\vendor\\laravel\\framework\\src\\Illuminate\\Container\\BoundMethod.php(36): Illuminate\\Database\\Console\\Migrations\\MigrateCommand->handle()
#16 C:\\Users\\Randrianaivo\\Repo\\INTERN_QUEST\\internquest\\vendor\\laravel\\framework\\src\\Illuminate\\Container\\Util.php(41): Illuminate\\Container\\BoundMethod::Illuminate\\Container\\{closure}()
#17 C:\\Users\\Randrianaivo\\Repo\\INTERN_QUEST\\internquest\\vendor\\laravel\\framework\\src\\Illuminate\\Container\\BoundMethod.php(93): Illuminate\\Container\\Util::unwrapIfClosure()
#18 C:\\Users\\Randrianaivo\\Repo\\INTERN_QUEST\\internquest\\vendor\\laravel\\framework\\src\\Illuminate\\Container\\BoundMethod.php(35): Illuminate\\Container\\BoundMethod::callBoundMethod()
#19 C:\\Users\\Randrianaivo\\Repo\\INTERN_QUEST\\internquest\\vendor\\laravel\\framework\\src\\Illuminate\\Container\\Container.php(662): Illuminate\\Container\\BoundMethod::call()
#20 C:\\Users\\Randrianaivo\\Repo\\INTERN_QUEST\\internquest\\vendor\\laravel\\framework\\src\\Illuminate\\Console\\Command.php(212): Illuminate\\Container\\Container->call()
#21 C:\\Users\\Randrianaivo\\Repo\\INTERN_QUEST\\internquest\\vendor\\symfony\\console\\Command\\Command.php(279): Illuminate\\Console\\Command->execute()
#22 C:\\Users\\Randrianaivo\\Repo\\INTERN_QUEST\\internquest\\vendor\\laravel\\framework\\src\\Illuminate\\Console\\Command.php(181): Symfony\\Component\\Console\\Command\\Command->run()
#23 C:\\Users\\Randrianaivo\\Repo\\INTERN_QUEST\\internquest\\vendor\\symfony\\console\\Application.php(1049): Illuminate\\Console\\Command->run()
#24 C:\\Users\\Randrianaivo\\Repo\\INTERN_QUEST\\internquest\\vendor\\symfony\\console\\Application.php(318): Symfony\\Component\\Console\\Application->doRunCommand()
#25 C:\\Users\\Randrianaivo\\Repo\\INTERN_QUEST\\internquest\\vendor\\symfony\\console\\Application.php(169): Symfony\\Component\\Console\\Application->doRun()
#26 C:\\Users\\Randrianaivo\\Repo\\INTERN_QUEST\\internquest\\vendor\\laravel\\framework\\src\\Illuminate\\Foundation\\Console\\Kernel.php(196): Symfony\\Component\\Console\\Application->run()
#27 C:\\Users\\Randrianaivo\\Repo\\INTERN_QUEST\\internquest\\vendor\\laravel\\framework\\src\\Illuminate\\Foundation\\Application.php(1183): Illuminate\\Foundation\\Console\\Kernel->handle()
#28 C:\\Users\\Randrianaivo\\Repo\\INTERN_QUEST\\internquest\\artisan(13): Illuminate\\Foundation\\Application->handleCommand()
#29 {main}

[previous exception] [object] (PDOException(code: 1045): SQLSTATE[HY000] [1045] Access denied for user 'root'@'localhost' (using password: NO) at C:\\Users\\Randrianaivo\\Repo\\INTERN_QUEST\\internquest\\vendor\\laravel\\framework\\src\\Illuminate\\Database\\Connectors\\Connector.php:65)
[stacktrace]
#0 C:\\Users\\Randrianaivo\\Repo\\INTERN_QUEST\\internquest\\vendor\\laravel\\framework\\src\\Illuminate\\Database\\Connectors\\Connector.php(65): PDO->__construct()
#1 C:\\Users\\Randrianaivo\\Repo\\INTERN_QUEST\\internquest\\vendor\\laravel\\framework\\src\\Illuminate\\Database\\Connectors\\Connector.php(44): Illuminate\\Database\\Connectors\\Connector->createPdoConnection()
#2 C:\\Users\\Randrianaivo\\Repo\\INTERN_QUEST\\internquest\\vendor\\laravel\\framework\\src\\Illuminate\\Database\\Connectors\\MySqlConnector.php(24): Illuminate\\Database\\Connectors\\Connector->createConnection()
#3 C:\\Users\\Randrianaivo\\Repo\\INTERN_QUEST\\internquest\\vendor\\laravel\\framework\\src\\Illuminate\\Database\\Connectors\\ConnectionFactory.php(185): Illuminate\\Database\\Connectors\\MySqlConnector->connect()
#4 [internal function]: Illuminate\\Database\\Connectors\\ConnectionFactory->Illuminate\\Database\\Connectors\\{closure}()
#5 C:\\Users\\Randrianaivo\\Repo\\INTERN_QUEST\\internquest\\vendor\\laravel\\framework\\src\\Illuminate\\Database\\Connection.php(1219): call_user_func()
#6 C:\\Users\\Randrianaivo\\Repo\\INTERN_QUEST\\internquest\\vendor\\laravel\\framework\\src\\Illuminate\\Database\\Connection.php(512): Illuminate\\Database\\Connection->getPdo()
#7 C:\\Users\\Randrianaivo\\Repo\\INTERN_QUEST\\internquest\\vendor\\laravel\\framework\\src\\Illuminate\\Database\\Connection.php(407): Illuminate\\Database\\Connection->getPdoForSelect()
#8 C:\\Users\\Randrianaivo\\Repo\\INTERN_QUEST\\internquest\\vendor\\laravel\\framework\\src\\Illuminate\\Database\\Connection.php(800): Illuminate\\Database\\Connection->Illuminate\\Database\\{closure}()
#9 C:\\Users\\Randrianaivo\\Repo\\INTERN_QUEST\\internquest\\vendor\\laravel\\framework\\src\\Illuminate\\Database\\Connection.php(767): Illuminate\\Database\\Connection->runQueryCallback()
#10 C:\\Users\\Randrianaivo\\Repo\\INTERN_QUEST\\internquest\\vendor\\laravel\\framework\\src\\Illuminate\\Database\\Connection.php(398): Illuminate\\Database\\Connection->run()
#11 C:\\Users\\Randrianaivo\\Repo\\INTERN_QUEST\\internquest\\vendor\\laravel\\framework\\src\\Illuminate\\Database\\Connection.php(385): Illuminate\\Database\\Connection->select()
#12 C:\\Users\\Randrianaivo\\Repo\\INTERN_QUEST\\internquest\\vendor\\laravel\\framework\\src\\Illuminate\\Database\\Schema\\MySqlBuilder.php(41): Illuminate\\Database\\Connection->selectFromWriteConnection()
#13 C:\\Users\\Randrianaivo\\Repo\\INTERN_QUEST\\internquest\\vendor\\laravel\\framework\\src\\Illuminate\\Database\\Schema\\Builder.php(147): Illuminate\\Database\\Schema\\MySqlBuilder->getTables()
#14 C:\\Users\\Randrianaivo\\Repo\\INTERN_QUEST\\internquest\\vendor\\laravel\\framework\\src\\Illuminate\\Database\\Migrations\\DatabaseMigrationRepository.php(184): Illuminate\\Database\\Schema\\Builder->hasTable()
#15 C:\\Users\\Randrianaivo\\Repo\\INTERN_QUEST\\internquest\\vendor\\laravel\\framework\\src\\Illuminate\\Database\\Migrations\\Migrator.php(689): Illuminate\\Database\\Migrations\\DatabaseMigrationRepository->repositoryExists()
#16 C:\\Users\\Randrianaivo\\Repo\\INTERN_QUEST\\internquest\\vendor\\laravel\\framework\\src\\Illuminate\\Database\\Console\\Migrations\\MigrateCommand.php(161): Illuminate\\Database\\Migrations\\Migrator->repositoryExists()
#17 C:\\Users\\Randrianaivo\\Repo\\INTERN_QUEST\\internquest\\vendor\\laravel\\framework\\src\\Illuminate\\Support\\helpers.php(286): Illuminate\\Database\\Console\\Migrations\\MigrateCommand->Illuminate\\Database\\Console\\Migrations\\{closure}()
#18 C:\\Users\\Randrianaivo\\Repo\\INTERN_QUEST\\internquest\\vendor\\laravel\\framework\\src\\Illuminate\\Database\\Console\\Migrations\\MigrateCommand.php(161): retry()
#19 C:\\Users\\Randrianaivo\\Repo\\INTERN_QUEST\\internquest\\vendor\\laravel\\framework\\src\\Illuminate\\Database\\Console\\Migrations\\MigrateCommand.php(137): Illuminate\\Database\\Console\\Migrations\\MigrateCommand->repositoryExists()
#20 C:\\Users\\Randrianaivo\\Repo\\INTERN_QUEST\\internquest\\vendor\\laravel\\framework\\src\\Illuminate\\Database\\Console\\Migrations\\MigrateCommand.php(107): Illuminate\\Database\\Console\\Migrations\\MigrateCommand->prepareDatabase()
#21 C:\\Users\\Randrianaivo\\Repo\\INTERN_QUEST\\internquest\\vendor\\laravel\\framework\\src\\Illuminate\\Database\\Migrations\\Migrator.php(622): Illuminate\\Database\\Console\\Migrations\\MigrateCommand->Illuminate\\Database\\Console\\Migrations\\{closure}()
#22 C:\\Users\\Randrianaivo\\Repo\\INTERN_QUEST\\internquest\\vendor\\laravel\\framework\\src\\Illuminate\\Database\\Console\\Migrations\\MigrateCommand.php(106): Illuminate\\Database\\Migrations\\Migrator->usingConnection()
#23 C:\\Users\\Randrianaivo\\Repo\\INTERN_QUEST\\internquest\\vendor\\laravel\\framework\\src\\Illuminate\\Database\\Console\\Migrations\\MigrateCommand.php(85): Illuminate\\Database\\Console\\Migrations\\MigrateCommand->runMigrations()
#24 C:\\Users\\Randrianaivo\\Repo\\INTERN_QUEST\\internquest\\vendor\\laravel\\framework\\src\\Illuminate\\Container\\BoundMethod.php(36): Illuminate\\Database\\Console\\Migrations\\MigrateCommand->handle()
#25 C:\\Users\\Randrianaivo\\Repo\\INTERN_QUEST\\internquest\\vendor\\laravel\\framework\\src\\Illuminate\\Container\\Util.php(41): Illuminate\\Container\\BoundMethod::Illuminate\\Container\\{closure}()
#26 C:\\Users\\Randrianaivo\\Repo\\INTERN_QUEST\\internquest\\vendor\\laravel\\framework\\src\\Illuminate\\Container\\BoundMethod.php(93): Illuminate\\Container\\Util::unwrapIfClosure()
#27 C:\\Users\\Randrianaivo\\Repo\\INTERN_QUEST\\internquest\\vendor\\laravel\\framework\\src\\Illuminate\\Container\\BoundMethod.php(35): Illuminate\\Container\\BoundMethod::callBoundMethod()
#28 C:\\Users\\Randrianaivo\\Repo\\INTERN_QUEST\\internquest\\vendor\\laravel\\framework\\src\\Illuminate\\Container\\Container.php(662): Illuminate\\Container\\BoundMethod::call()
#29 C:\\Users\\Randrianaivo\\Repo\\INTERN_QUEST\\internquest\\vendor\\laravel\\framework\\src\\Illuminate\\Console\\Command.php(212): Illuminate\\Container\\Container->call()
#30 C:\\Users\\Randrianaivo\\Repo\\INTERN_QUEST\\internquest\\vendor\\symfony\\console\\Command\\Command.php(279): Illuminate\\Console\\Command->execute()
#31 C:\\Users\\Randrianaivo\\Repo\\INTERN_QUEST\\internquest\\vendor\\laravel\\framework\\src\\Illuminate\\Console\\Command.php(181): Symfony\\Component\\Console\\Command\\Command->run()
#32 C:\\Users\\Randrianaivo\\Repo\\INTERN_QUEST\\internquest\\vendor\\symfony\\console\\Application.php(1049): Illuminate\\Console\\Command->run()
#33 C:\\Users\\Randrianaivo\\Repo\\INTERN_QUEST\\internquest\\vendor\\symfony\\console\\Application.php(318): Symfony\\Component\\Console\\Application->doRunCommand()
#34 C:\\Users\\Randrianaivo\\Repo\\INTERN_QUEST\\internquest\\vendor\\symfony\\console\\Application.php(169): Symfony\\Component\\Console\\Application->doRun()
#35 C:\\Users\\Randrianaivo\\Repo\\INTERN_QUEST\\internquest\\vendor\\laravel\\framework\\src\\Illuminate\\Foundation\\Console\\Kernel.php(196): Symfony\\Component\\Console\\Application->run()
#36 C:\\Users\\Randrianaivo\\Repo\\INTERN_QUEST\\internquest\\vendor\\laravel\\framework\\src\\Illuminate\\Foundation\\Application.php(1183): Illuminate\\Foundation\\Console\\Kernel->handle()
#37 C:\\Users\\Randrianaivo\\Repo\\INTERN_QUEST\\internquest\\artisan(13): Illuminate\\Foundation\\Application->handleCommand()
#38 {main}
"} 
[2024-03-19 08:45:27] local.ERROR: SQLSTATE[HY000] [1045] Access denied for user 'root'@'localhost' (using password: NO) (Connection: mysql, SQL: select table_name as `name`, (data_length + index_length) as `size`, table_comment as `comment`, engine as `engine`, table_collation as `collation` from information_schema.tables where table_schema = 'laravel' and table_type in ('BASE TABLE', 'SYSTEM VERSIONED') order by table_name) {"exception":"[object] (Illuminate\\Database\\QueryException(code: 1045): SQLSTATE[HY000] [1045] Access denied for user 'root'@'localhost' (using password: NO) (Connection: mysql, SQL: select table_name as `name`, (data_length + index_length) as `size`, table_comment as `comment`, engine as `engine`, table_collation as `collation` from information_schema.tables where table_schema = 'laravel' and table_type in ('BASE TABLE', 'SYSTEM VERSIONED') order by table_name) at C:\\Users\\Randrianaivo\\Repo\\INTERN_QUEST\\internquest\\vendor\\laravel\\framework\\src\\Illuminate\\Database\\Connection.php:813)
[stacktrace]
#0 C:\\Users\\Randrianaivo\\Repo\\INTERN_QUEST\\internquest\\vendor\\laravel\\framework\\src\\Illuminate\\Database\\Connection.php(767): Illuminate\\Database\\Connection->runQueryCallback()
#1 C:\\Users\\Randrianaivo\\Repo\\INTERN_QUEST\\internquest\\vendor\\laravel\\framework\\src\\Illuminate\\Database\\Connection.php(398): Illuminate\\Database\\Connection->run()
#2 C:\\Users\\Randrianaivo\\Repo\\INTERN_QUEST\\internquest\\vendor\\laravel\\framework\\src\\Illuminate\\Database\\Connection.php(385): Illuminate\\Database\\Connection->select()
#3 C:\\Users\\Randrianaivo\\Repo\\INTERN_QUEST\\internquest\\vendor\\laravel\\framework\\src\\Illuminate\\Database\\Schema\\MySqlBuilder.php(41): Illuminate\\Database\\Connection->selectFromWriteConnection()
#4 C:\\Users\\Randrianaivo\\Repo\\INTERN_QUEST\\internquest\\vendor\\laravel\\framework\\src\\Illuminate\\Database\\Schema\\Builder.php(147): Illuminate\\Database\\Schema\\MySqlBuilder->getTables()
#5 C:\\Users\\Randrianaivo\\Repo\\INTERN_QUEST\\internquest\\vendor\\laravel\\framework\\src\\Illuminate\\Database\\Migrations\\DatabaseMigrationRepository.php(184): Illuminate\\Database\\Schema\\Builder->hasTable()
#6 C:\\Users\\Randrianaivo\\Repo\\INTERN_QUEST\\internquest\\vendor\\laravel\\framework\\src\\Illuminate\\Database\\Migrations\\Migrator.php(689): Illuminate\\Database\\Migrations\\DatabaseMigrationRepository->repositoryExists()
#7 C:\\Users\\Randrianaivo\\Repo\\INTERN_QUEST\\internquest\\vendor\\laravel\\framework\\src\\Illuminate\\Database\\Console\\Migrations\\MigrateCommand.php(161): Illuminate\\Database\\Migrations\\Migrator->repositoryExists()
#8 C:\\Users\\Randrianaivo\\Repo\\INTERN_QUEST\\internquest\\vendor\\laravel\\framework\\src\\Illuminate\\Support\\helpers.php(286): Illuminate\\Database\\Console\\Migrations\\MigrateCommand->Illuminate\\Database\\Console\\Migrations\\{closure}()
#9 C:\\Users\\Randrianaivo\\Repo\\INTERN_QUEST\\internquest\\vendor\\laravel\\framework\\src\\Illuminate\\Database\\Console\\Migrations\\MigrateCommand.php(161): retry()
#10 C:\\Users\\Randrianaivo\\Repo\\INTERN_QUEST\\internquest\\vendor\\laravel\\framework\\src\\Illuminate\\Database\\Console\\Migrations\\MigrateCommand.php(137): Illuminate\\Database\\Console\\Migrations\\MigrateCommand->repositoryExists()
#11 C:\\Users\\Randrianaivo\\Repo\\INTERN_QUEST\\internquest\\vendor\\laravel\\framework\\src\\Illuminate\\Database\\Console\\Migrations\\MigrateCommand.php(107): Illuminate\\Database\\Console\\Migrations\\MigrateCommand->prepareDatabase()
#12 C:\\Users\\Randrianaivo\\Repo\\INTERN_QUEST\\internquest\\vendor\\laravel\\framework\\src\\Illuminate\\Database\\Migrations\\Migrator.php(622): Illuminate\\Database\\Console\\Migrations\\MigrateCommand->Illuminate\\Database\\Console\\Migrations\\{closure}()
#13 C:\\Users\\Randrianaivo\\Repo\\INTERN_QUEST\\internquest\\vendor\\laravel\\framework\\src\\Illuminate\\Database\\Console\\Migrations\\MigrateCommand.php(106): Illuminate\\Database\\Migrations\\Migrator->usingConnection()
#14 C:\\Users\\Randrianaivo\\Repo\\INTERN_QUEST\\internquest\\vendor\\laravel\\framework\\src\\Illuminate\\Database\\Console\\Migrations\\MigrateCommand.php(85): Illuminate\\Database\\Console\\Migrations\\MigrateCommand->runMigrations()
#15 C:\\Users\\Randrianaivo\\Repo\\INTERN_QUEST\\internquest\\vendor\\laravel\\framework\\src\\Illuminate\\Container\\BoundMethod.php(36): Illuminate\\Database\\Console\\Migrations\\MigrateCommand->handle()
#16 C:\\Users\\Randrianaivo\\Repo\\INTERN_QUEST\\internquest\\vendor\\laravel\\framework\\src\\Illuminate\\Container\\Util.php(41): Illuminate\\Container\\BoundMethod::Illuminate\\Container\\{closure}()
#17 C:\\Users\\Randrianaivo\\Repo\\INTERN_QUEST\\internquest\\vendor\\laravel\\framework\\src\\Illuminate\\Container\\BoundMethod.php(93): Illuminate\\Container\\Util::unwrapIfClosure()
#18 C:\\Users\\Randrianaivo\\Repo\\INTERN_QUEST\\internquest\\vendor\\laravel\\framework\\src\\Illuminate\\Container\\BoundMethod.php(35): Illuminate\\Container\\BoundMethod::callBoundMethod()
#19 C:\\Users\\Randrianaivo\\Repo\\INTERN_QUEST\\internquest\\vendor\\laravel\\framework\\src\\Illuminate\\Container\\Container.php(662): Illuminate\\Container\\BoundMethod::call()
#20 C:\\Users\\Randrianaivo\\Repo\\INTERN_QUEST\\internquest\\vendor\\laravel\\framework\\src\\Illuminate\\Console\\Command.php(212): Illuminate\\Container\\Container->call()
#21 C:\\Users\\Randrianaivo\\Repo\\INTERN_QUEST\\internquest\\vendor\\symfony\\console\\Command\\Command.php(279): Illuminate\\Console\\Command->execute()
#22 C:\\Users\\Randrianaivo\\Repo\\INTERN_QUEST\\internquest\\vendor\\laravel\\framework\\src\\Illuminate\\Console\\Command.php(181): Symfony\\Component\\Console\\Command\\Command->run()
#23 C:\\Users\\Randrianaivo\\Repo\\INTERN_QUEST\\internquest\\vendor\\symfony\\console\\Application.php(1049): Illuminate\\Console\\Command->run()
#24 C:\\Users\\Randrianaivo\\Repo\\INTERN_QUEST\\internquest\\vendor\\symfony\\console\\Application.php(318): Symfony\\Component\\Console\\Application->doRunCommand()
#25 C:\\Users\\Randrianaivo\\Repo\\INTERN_QUEST\\internquest\\vendor\\symfony\\console\\Application.php(169): Symfony\\Component\\Console\\Application->doRun()
#26 C:\\Users\\Randrianaivo\\Repo\\INTERN_QUEST\\internquest\\vendor\\laravel\\framework\\src\\Illuminate\\Foundation\\Console\\Kernel.php(196): Symfony\\Component\\Console\\Application->run()
#27 C:\\Users\\Randrianaivo\\Repo\\INTERN_QUEST\\internquest\\vendor\\laravel\\framework\\src\\Illuminate\\Foundation\\Application.php(1183): Illuminate\\Foundation\\Console\\Kernel->handle()
#28 C:\\Users\\Randrianaivo\\Repo\\INTERN_QUEST\\internquest\\artisan(13): Illuminate\\Foundation\\Application->handleCommand()
#29 {main}

[previous exception] [object] (PDOException(code: 1045): SQLSTATE[HY000] [1045] Access denied for user 'root'@'localhost' (using password: NO) at C:\\Users\\Randrianaivo\\Repo\\INTERN_QUEST\\internquest\\vendor\\laravel\\framework\\src\\Illuminate\\Database\\Connectors\\Connector.php:65)
[stacktrace]
#0 C:\\Users\\Randrianaivo\\Repo\\INTERN_QUEST\\internquest\\vendor\\laravel\\framework\\src\\Illuminate\\Database\\Connectors\\Connector.php(65): PDO->__construct()
#1 C:\\Users\\Randrianaivo\\Repo\\INTERN_QUEST\\internquest\\vendor\\laravel\\framework\\src\\Illuminate\\Database\\Connectors\\Connector.php(44): Illuminate\\Database\\Connectors\\Connector->createPdoConnection()
#2 C:\\Users\\Randrianaivo\\Repo\\INTERN_QUEST\\internquest\\vendor\\laravel\\framework\\src\\Illuminate\\Database\\Connectors\\MySqlConnector.php(24): Illuminate\\Database\\Connectors\\Connector->createConnection()
#3 C:\\Users\\Randrianaivo\\Repo\\INTERN_QUEST\\internquest\\vendor\\laravel\\framework\\src\\Illuminate\\Database\\Connectors\\ConnectionFactory.php(185): Illuminate\\Database\\Connectors\\MySqlConnector->connect()
#4 [internal function]: Illuminate\\Database\\Connectors\\ConnectionFactory->Illuminate\\Database\\Connectors\\{closure}()
#5 C:\\Users\\Randrianaivo\\Repo\\INTERN_QUEST\\internquest\\vendor\\laravel\\framework\\src\\Illuminate\\Database\\Connection.php(1219): call_user_func()
#6 C:\\Users\\Randrianaivo\\Repo\\INTERN_QUEST\\internquest\\vendor\\laravel\\framework\\src\\Illuminate\\Database\\Connection.php(512): Illuminate\\Database\\Connection->getPdo()
#7 C:\\Users\\Randrianaivo\\Repo\\INTERN_QUEST\\internquest\\vendor\\laravel\\framework\\src\\Illuminate\\Database\\Connection.php(407): Illuminate\\Database\\Connection->getPdoForSelect()
#8 C:\\Users\\Randrianaivo\\Repo\\INTERN_QUEST\\internquest\\vendor\\laravel\\framework\\src\\Illuminate\\Database\\Connection.php(800): Illuminate\\Database\\Connection->Illuminate\\Database\\{closure}()
#9 C:\\Users\\Randrianaivo\\Repo\\INTERN_QUEST\\internquest\\vendor\\laravel\\framework\\src\\Illuminate\\Database\\Connection.php(767): Illuminate\\Database\\Connection->runQueryCallback()
#10 C:\\Users\\Randrianaivo\\Repo\\INTERN_QUEST\\internquest\\vendor\\laravel\\framework\\src\\Illuminate\\Database\\Connection.php(398): Illuminate\\Database\\Connection->run()
#11 C:\\Users\\Randrianaivo\\Repo\\INTERN_QUEST\\internquest\\vendor\\laravel\\framework\\src\\Illuminate\\Database\\Connection.php(385): Illuminate\\Database\\Connection->select()
#12 C:\\Users\\Randrianaivo\\Repo\\INTERN_QUEST\\internquest\\vendor\\laravel\\framework\\src\\Illuminate\\Database\\Schema\\MySqlBuilder.php(41): Illuminate\\Database\\Connection->selectFromWriteConnection()
#13 C:\\Users\\Randrianaivo\\Repo\\INTERN_QUEST\\internquest\\vendor\\laravel\\framework\\src\\Illuminate\\Database\\Schema\\Builder.php(147): Illuminate\\Database\\Schema\\MySqlBuilder->getTables()
#14 C:\\Users\\Randrianaivo\\Repo\\INTERN_QUEST\\internquest\\vendor\\laravel\\framework\\src\\Illuminate\\Database\\Migrations\\DatabaseMigrationRepository.php(184): Illuminate\\Database\\Schema\\Builder->hasTable()
#15 C:\\Users\\Randrianaivo\\Repo\\INTERN_QUEST\\internquest\\vendor\\laravel\\framework\\src\\Illuminate\\Database\\Migrations\\Migrator.php(689): Illuminate\\Database\\Migrations\\DatabaseMigrationRepository->repositoryExists()
#16 C:\\Users\\Randrianaivo\\Repo\\INTERN_QUEST\\internquest\\vendor\\laravel\\framework\\src\\Illuminate\\Database\\Console\\Migrations\\MigrateCommand.php(161): Illuminate\\Database\\Migrations\\Migrator->repositoryExists()
#17 C:\\Users\\Randrianaivo\\Repo\\INTERN_QUEST\\internquest\\vendor\\laravel\\framework\\src\\Illuminate\\Support\\helpers.php(286): Illuminate\\Database\\Console\\Migrations\\MigrateCommand->Illuminate\\Database\\Console\\Migrations\\{closure}()
#18 C:\\Users\\Randrianaivo\\Repo\\INTERN_QUEST\\internquest\\vendor\\laravel\\framework\\src\\Illuminate\\Database\\Console\\Migrations\\MigrateCommand.php(161): retry()
#19 C:\\Users\\Randrianaivo\\Repo\\INTERN_QUEST\\internquest\\vendor\\laravel\\framework\\src\\Illuminate\\Database\\Console\\Migrations\\MigrateCommand.php(137): Illuminate\\Database\\Console\\Migrations\\MigrateCommand->repositoryExists()
#20 C:\\Users\\Randrianaivo\\Repo\\INTERN_QUEST\\internquest\\vendor\\laravel\\framework\\src\\Illuminate\\Database\\Console\\Migrations\\MigrateCommand.php(107): Illuminate\\Database\\Console\\Migrations\\MigrateCommand->prepareDatabase()
#21 C:\\Users\\Randrianaivo\\Repo\\INTERN_QUEST\\internquest\\vendor\\laravel\\framework\\src\\Illuminate\\Database\\Migrations\\Migrator.php(622): Illuminate\\Database\\Console\\Migrations\\MigrateCommand->Illuminate\\Database\\Console\\Migrations\\{closure}()
#22 C:\\Users\\Randrianaivo\\Repo\\INTERN_QUEST\\internquest\\vendor\\laravel\\framework\\src\\Illuminate\\Database\\Console\\Migrations\\MigrateCommand.php(106): Illuminate\\Database\\Migrations\\Migrator->usingConnection()
#23 C:\\Users\\Randrianaivo\\Repo\\INTERN_QUEST\\internquest\\vendor\\laravel\\framework\\src\\Illuminate\\Database\\Console\\Migrations\\MigrateCommand.php(85): Illuminate\\Database\\Console\\Migrations\\MigrateCommand->runMigrations()
#24 C:\\Users\\Randrianaivo\\Repo\\INTERN_QUEST\\internquest\\vendor\\laravel\\framework\\src\\Illuminate\\Container\\BoundMethod.php(36): Illuminate\\Database\\Console\\Migrations\\MigrateCommand->handle()
#25 C:\\Users\\Randrianaivo\\Repo\\INTERN_QUEST\\internquest\\vendor\\laravel\\framework\\src\\Illuminate\\Container\\Util.php(41): Illuminate\\Container\\BoundMethod::Illuminate\\Container\\{closure}()
#26 C:\\Users\\Randrianaivo\\Repo\\INTERN_QUEST\\internquest\\vendor\\laravel\\framework\\src\\Illuminate\\Container\\BoundMethod.php(93): Illuminate\\Container\\Util::unwrapIfClosure()
#27 C:\\Users\\Randrianaivo\\Repo\\INTERN_QUEST\\internquest\\vendor\\laravel\\framework\\src\\Illuminate\\Container\\BoundMethod.php(35): Illuminate\\Container\\BoundMethod::callBoundMethod()
#28 C:\\Users\\Randrianaivo\\Repo\\INTERN_QUEST\\internquest\\vendor\\laravel\\framework\\src\\Illuminate\\Container\\Container.php(662): Illuminate\\Container\\BoundMethod::call()
#29 C:\\Users\\Randrianaivo\\Repo\\INTERN_QUEST\\internquest\\vendor\\laravel\\framework\\src\\Illuminate\\Console\\Command.php(212): Illuminate\\Container\\Container->call()
#30 C:\\Users\\Randrianaivo\\Repo\\INTERN_QUEST\\internquest\\vendor\\symfony\\console\\Command\\Command.php(279): Illuminate\\Console\\Command->execute()
#31 C:\\Users\\Randrianaivo\\Repo\\INTERN_QUEST\\internquest\\vendor\\laravel\\framework\\src\\Illuminate\\Console\\Command.php(181): Symfony\\Component\\Console\\Command\\Command->run()
#32 C:\\Users\\Randrianaivo\\Repo\\INTERN_QUEST\\internquest\\vendor\\symfony\\console\\Application.php(1049): Illuminate\\Console\\Command->run()
#33 C:\\Users\\Randrianaivo\\Repo\\INTERN_QUEST\\internquest\\vendor\\symfony\\console\\Application.php(318): Symfony\\Component\\Console\\Application->doRunCommand()
#34 C:\\Users\\Randrianaivo\\Repo\\INTERN_QUEST\\internquest\\vendor\\symfony\\console\\Application.php(169): Symfony\\Component\\Console\\Application->doRun()
#35 C:\\Users\\Randrianaivo\\Repo\\INTERN_QUEST\\internquest\\vendor\\laravel\\framework\\src\\Illuminate\\Foundation\\Console\\Kernel.php(196): Symfony\\Component\\Console\\Application->run()
#36 C:\\Users\\Randrianaivo\\Repo\\INTERN_QUEST\\internquest\\vendor\\laravel\\framework\\src\\Illuminate\\Foundation\\Application.php(1183): Illuminate\\Foundation\\Console\\Kernel->handle()
#37 C:\\Users\\Randrianaivo\\Repo\\INTERN_QUEST\\internquest\\artisan(13): Illuminate\\Foundation\\Application->handleCommand()
#38 {main}
"} 
